2025-06-18 11:51:12,404 - INFO - Initialized Pokemon fetcher
2025-06-18 11:51:12,410 - INFO - Finished 'http://localhost:8983/solr/pokemon/admin/ping/?' (get) with body '' in 0.005 seconds, with status 200
2025-06-18 11:51:12,410 - INFO - Successfully connected to Solr
2025-06-18 11:51:12,410 - INFO - Clearing existing Solr data...
2025-06-18 11:51:12,448 - INFO - Finished 'http://localhost:8983/solr/pokemon/update/?commit=true' (post) with body '<delete><q' in 0.038 seconds, with status 200
2025-06-18 11:51:12,448 - INFO - Fetching Generation 1 Pokemon (#1-#151)
2025-06-18 11:51:51,780 - INFO - Generation 1: 151 Pokemon fetched
2025-06-18 11:51:51,780 - INFO - Fetching Generation 2 Pokemon (#152-#251)
2025-06-18 11:52:17,837 - INFO - Generation 2: 100 Pokemon fetched
2025-06-18 11:52:17,837 - INFO - Fetching Generation 3 Pokemon (#252-#386)
2025-06-18 11:52:56,363 - INFO - Generation 3: 135 Pokemon fetched
2025-06-18 11:52:56,364 - INFO - Indexing 386 documents into Solr...
2025-06-18 11:52:56,857 - INFO - Finished 'http://localhost:8983/solr/pokemon/update/?commit=true' (post) with body '[{"id": "1' in 0.493 seconds, with status 200
2025-06-18 11:52:57,043 - INFO - Finished 'http://localhost:8983/solr/pokemon/update/?commit=true' (post) with body '[{"id": "5' in 0.185 seconds, with status 200
2025-06-18 11:52:57,157 - INFO - Finished 'http://localhost:8983/solr/pokemon/update/?commit=true' (post) with body '[{"id": "1' in 0.112 seconds, with status 200
2025-06-18 11:52:57,256 - INFO - Finished 'http://localhost:8983/solr/pokemon/update/?commit=true' (post) with body '[{"id": "1' in 0.099 seconds, with status 200
2025-06-18 11:52:57,364 - INFO - Finished 'http://localhost:8983/solr/pokemon/update/?commit=true' (post) with body '[{"id": "2' in 0.107 seconds, with status 200
2025-06-18 11:52:57,466 - INFO - Finished 'http://localhost:8983/solr/pokemon/update/?commit=true' (post) with body '[{"id": "2' in 0.101 seconds, with status 200
2025-06-18 11:52:57,566 - INFO - Finished 'http://localhost:8983/solr/pokemon/update/?commit=true' (post) with body '[{"id": "3' in 0.100 seconds, with status 200
2025-06-18 11:52:57,659 - INFO - Finished 'http://localhost:8983/solr/pokemon/update/?commit=true' (post) with body '[{"id": "3' in 0.092 seconds, with status 200
2025-06-18 11:52:57,659 - INFO - Optimizing Solr index...
2025-06-18 11:52:57,663 - INFO - Finished 'http://localhost:8983/solr/pokemon/update/?commit=true' (post) with body '<optimize ' in 0.004 seconds, with status 200
2025-06-18 11:52:57,663 - INFO - Successfully indexed all documents!
2025-06-18 11:52:57,663 - INFO - Successfully processed 386 Pokemon total!
2025-06-18 13:43:36,144 - INFO - Initialized Pokemon fetcher
2025-06-18 13:43:36,149 - INFO - Finished 'http://localhost:8983/solr/pokemon/admin/ping/?' (get) with body '' in 0.005 seconds, with status 200
2025-06-18 13:43:36,150 - INFO - Successfully connected to Solr
2025-06-18 13:43:36,150 - INFO - Verifying and updating Solr schema for sorting and faceting...
2025-06-18 13:43:36,166 - ERROR - Failed to configure field 'pokemon_id'. Error: 400 Client Error: Bad Request for url: http://localhost:8983/solr/pokemon/schema
2025-06-18 13:43:36,166 - ERROR - Solr Response: {
  "responseHeader":{
    "status":400,
    "QTime":3
  },
  "error":{
    "metadata":["error-class","org.apache.solr.api.ApiBag$ExceptionWithErrObject","root-error-class","org.apache.solr.api.ApiBag$ExceptionWithErrObject"],
    "details":[{
      "replace-field":{
        "name":"pokemon_id",
        "type":"pint",
        "docValues":true,
        "indexed":true,
        "stored":true,
        "multiValued":false
      },
      "errorMessages":["The field 'pokemon_id' is not present in this schema, and so cannot be replaced.\n"]
    }],
    "msg":"error processing commands, errors: [{replace-field={name=pokemon_id, type=pint, docValues=true, indexed=true, stored=true, multiValued=false}, errorMessages=[The field 'pokemon_id' is not present in this schema, and so cannot be replaced.\n]}], ",
    "code":400
  }
}
2025-06-18 13:43:36,170 - ERROR - Failed to configure field 'name'. Error: 400 Client Error: Bad Request for url: http://localhost:8983/solr/pokemon/schema
2025-06-18 13:43:36,170 - ERROR - Solr Response: {
  "responseHeader":{
    "status":400,
    "QTime":0
  },
  "error":{
    "metadata":["error-class","org.apache.solr.api.ApiBag$ExceptionWithErrObject","root-error-class","org.apache.solr.api.ApiBag$ExceptionWithErrObject"],
    "details":[{
      "replace-field":{
        "name":"name",
        "type":"string",
        "docValues":true,
        "indexed":true,
        "stored":true
      },
      "errorMessages":["The field 'name' is not present in this schema, and so cannot be replaced.\n"]
    }],
    "msg":"error processing commands, errors: [{replace-field={name=name, type=string, docValues=true, indexed=true, stored=true}, errorMessages=[The field 'name' is not present in this schema, and so cannot be replaced.\n]}], ",
    "code":400
  }
}
2025-06-18 13:43:36,174 - ERROR - Failed to configure field 'height'. Error: 400 Client Error: Bad Request for url: http://localhost:8983/solr/pokemon/schema
2025-06-18 13:43:36,174 - ERROR - Solr Response: {
  "responseHeader":{
    "status":400,
    "QTime":0
  },
  "error":{
    "metadata":["error-class","org.apache.solr.api.ApiBag$ExceptionWithErrObject","root-error-class","org.apache.solr.api.ApiBag$ExceptionWithErrObject"],
    "details":[{
      "replace-field":{
        "name":"height",
        "type":"pint",
        "docValues":true,
        "indexed":true,
        "stored":true
      },
      "errorMessages":["The field 'height' is not present in this schema, and so cannot be replaced.\n"]
    }],
    "msg":"error processing commands, errors: [{replace-field={name=height, type=pint, docValues=true, indexed=true, stored=true}, errorMessages=[The field 'height' is not present in this schema, and so cannot be replaced.\n]}], ",
    "code":400
  }
}
2025-06-18 13:43:36,177 - ERROR - Failed to configure field 'weight'. Error: 400 Client Error: Bad Request for url: http://localhost:8983/solr/pokemon/schema
2025-06-18 13:43:36,177 - ERROR - Solr Response: {
  "responseHeader":{
    "status":400,
    "QTime":0
  },
  "error":{
    "metadata":["error-class","org.apache.solr.api.ApiBag$ExceptionWithErrObject","root-error-class","org.apache.solr.api.ApiBag$ExceptionWithErrObject"],
    "details":[{
      "replace-field":{
        "name":"weight",
        "type":"pint",
        "docValues":true,
        "indexed":true,
        "stored":true
      },
      "errorMessages":["The field 'weight' is not present in this schema, and so cannot be replaced.\n"]
    }],
    "msg":"error processing commands, errors: [{replace-field={name=weight, type=pint, docValues=true, indexed=true, stored=true}, errorMessages=[The field 'weight' is not present in this schema, and so cannot be replaced.\n]}], ",
    "code":400
  }
}
2025-06-18 13:43:36,180 - ERROR - Failed to configure field 'base_experience'. Error: 400 Client Error: Bad Request for url: http://localhost:8983/solr/pokemon/schema
2025-06-18 13:43:36,180 - ERROR - Solr Response: {
  "responseHeader":{
    "status":400,
    "QTime":0
  },
  "error":{
    "metadata":["error-class","org.apache.solr.api.ApiBag$ExceptionWithErrObject","root-error-class","org.apache.solr.api.ApiBag$ExceptionWithErrObject"],
    "details":[{
      "replace-field":{
        "name":"base_experience",
        "type":"pint",
        "docValues":true,
        "indexed":true,
        "stored":true
      },
      "errorMessages":["The field 'base_experience' is not present in this schema, and so cannot be replaced.\n"]
    }],
    "msg":"error processing commands, errors: [{replace-field={name=base_experience, type=pint, docValues=true, indexed=true, stored=true}, errorMessages=[The field 'base_experience' is not present in this schema, and so cannot be replaced.\n]}], ",
    "code":400
  }
}
2025-06-18 13:43:36,182 - ERROR - Failed to configure field 'primary_type'. Error: 400 Client Error: Bad Request for url: http://localhost:8983/solr/pokemon/schema
2025-06-18 13:43:36,182 - ERROR - Solr Response: {
  "responseHeader":{
    "status":400,
    "QTime":0
  },
  "error":{
    "metadata":["error-class","org.apache.solr.api.ApiBag$ExceptionWithErrObject","root-error-class","org.apache.solr.api.ApiBag$ExceptionWithErrObject"],
    "details":[{
      "replace-field":{
        "name":"primary_type",
        "type":"string",
        "docValues":true,
        "indexed":true,
        "stored":true
      },
      "errorMessages":["The field 'primary_type' is not present in this schema, and so cannot be replaced.\n"]
    }],
    "msg":"error processing commands, errors: [{replace-field={name=primary_type, type=string, docValues=true, indexed=true, stored=true}, errorMessages=[The field 'primary_type' is not present in this schema, and so cannot be replaced.\n]}], ",
    "code":400
  }
}
2025-06-18 13:43:36,185 - ERROR - Failed to configure field 'total_stats'. Error: 400 Client Error: Bad Request for url: http://localhost:8983/solr/pokemon/schema
2025-06-18 13:43:36,185 - ERROR - Solr Response: {
  "responseHeader":{
    "status":400,
    "QTime":0
  },
  "error":{
    "metadata":["error-class","org.apache.solr.api.ApiBag$ExceptionWithErrObject","root-error-class","org.apache.solr.api.ApiBag$ExceptionWithErrObject"],
    "details":[{
      "replace-field":{
        "name":"total_stats",
        "type":"pint",
        "docValues":true,
        "indexed":true,
        "stored":true
      },
      "errorMessages":["The field 'total_stats' is not present in this schema, and so cannot be replaced.\n"]
    }],
    "msg":"error processing commands, errors: [{replace-field={name=total_stats, type=pint, docValues=true, indexed=true, stored=true}, errorMessages=[The field 'total_stats' is not present in this schema, and so cannot be replaced.\n]}], ",
    "code":400
  }
}
2025-06-18 13:43:36,187 - ERROR - Failed to configure field 'generation'. Error: 400 Client Error: Bad Request for url: http://localhost:8983/solr/pokemon/schema
2025-06-18 13:43:36,188 - ERROR - Solr Response: {
  "responseHeader":{
    "status":400,
    "QTime":0
  },
  "error":{
    "metadata":["error-class","org.apache.solr.api.ApiBag$ExceptionWithErrObject","root-error-class","org.apache.solr.api.ApiBag$ExceptionWithErrObject"],
    "details":[{
      "replace-field":{
        "name":"generation",
        "type":"pint",
        "docValues":true,
        "indexed":true,
        "stored":true
      },
      "errorMessages":["The field 'generation' is not present in this schema, and so cannot be replaced.\n"]
    }],
    "msg":"error processing commands, errors: [{replace-field={name=generation, type=pint, docValues=true, indexed=true, stored=true}, errorMessages=[The field 'generation' is not present in this schema, and so cannot be replaced.\n]}], ",
    "code":400
  }
}
2025-06-18 13:43:36,190 - ERROR - Failed to configure field 'color'. Error: 400 Client Error: Bad Request for url: http://localhost:8983/solr/pokemon/schema
2025-06-18 13:43:36,191 - ERROR - Solr Response: {
  "responseHeader":{
    "status":400,
    "QTime":0
  },
  "error":{
    "metadata":["error-class","org.apache.solr.api.ApiBag$ExceptionWithErrObject","root-error-class","org.apache.solr.api.ApiBag$ExceptionWithErrObject"],
    "details":[{
      "replace-field":{
        "name":"color",
        "type":"string",
        "docValues":true,
        "indexed":true,
        "stored":true
      },
      "errorMessages":["The field 'color' is not present in this schema, and so cannot be replaced.\n"]
    }],
    "msg":"error processing commands, errors: [{replace-field={name=color, type=string, docValues=true, indexed=true, stored=true}, errorMessages=[The field 'color' is not present in this schema, and so cannot be replaced.\n]}], ",
    "code":400
  }
}
2025-06-18 13:43:36,193 - ERROR - Failed to configure field 'habitat'. Error: 400 Client Error: Bad Request for url: http://localhost:8983/solr/pokemon/schema
2025-06-18 13:43:36,193 - ERROR - Solr Response: {
  "responseHeader":{
    "status":400,
    "QTime":0
  },
  "error":{
    "metadata":["error-class","org.apache.solr.api.ApiBag$ExceptionWithErrObject","root-error-class","org.apache.solr.api.ApiBag$ExceptionWithErrObject"],
    "details":[{
      "replace-field":{
        "name":"habitat",
        "type":"string",
        "docValues":true,
        "indexed":true,
        "stored":true
      },
      "errorMessages":["The field 'habitat' is not present in this schema, and so cannot be replaced.\n"]
    }],
    "msg":"error processing commands, errors: [{replace-field={name=habitat, type=string, docValues=true, indexed=true, stored=true}, errorMessages=[The field 'habitat' is not present in this schema, and so cannot be replaced.\n]}], ",
    "code":400
  }
}
2025-06-18 13:43:36,196 - ERROR - Failed to configure field 'capture_rate'. Error: 400 Client Error: Bad Request for url: http://localhost:8983/solr/pokemon/schema
2025-06-18 13:43:36,196 - ERROR - Solr Response: {
  "responseHeader":{
    "status":400,
    "QTime":0
  },
  "error":{
    "metadata":["error-class","org.apache.solr.api.ApiBag$ExceptionWithErrObject","root-error-class","org.apache.solr.api.ApiBag$ExceptionWithErrObject"],
    "details":[{
      "replace-field":{
        "name":"capture_rate",
        "type":"pint",
        "docValues":true,
        "indexed":true,
        "stored":true
      },
      "errorMessages":["The field 'capture_rate' is not present in this schema, and so cannot be replaced.\n"]
    }],
    "msg":"error processing commands, errors: [{replace-field={name=capture_rate, type=pint, docValues=true, indexed=true, stored=true}, errorMessages=[The field 'capture_rate' is not present in this schema, and so cannot be replaced.\n]}], ",
    "code":400
  }
}
2025-06-18 13:43:36,199 - ERROR - Failed to configure field 'is_legendary'. Error: 400 Client Error: Bad Request for url: http://localhost:8983/solr/pokemon/schema
2025-06-18 13:43:36,199 - ERROR - Solr Response: {
  "responseHeader":{
    "status":400,
    "QTime":0
  },
  "error":{
    "metadata":["error-class","org.apache.solr.api.ApiBag$ExceptionWithErrObject","root-error-class","org.apache.solr.api.ApiBag$ExceptionWithErrObject"],
    "details":[{
      "replace-field":{
        "name":"is_legendary",
        "type":"boolean",
        "docValues":true,
        "indexed":true,
        "stored":true
      },
      "errorMessages":["The field 'is_legendary' is not present in this schema, and so cannot be replaced.\n"]
    }],
    "msg":"error processing commands, errors: [{replace-field={name=is_legendary, type=boolean, docValues=true, indexed=true, stored=true}, errorMessages=[The field 'is_legendary' is not present in this schema, and so cannot be replaced.\n]}], ",
    "code":400
  }
}
2025-06-18 13:43:36,202 - ERROR - Failed to configure field 'is_mythical'. Error: 400 Client Error: Bad Request for url: http://localhost:8983/solr/pokemon/schema
2025-06-18 13:43:36,202 - ERROR - Solr Response: {
  "responseHeader":{
    "status":400,
    "QTime":0
  },
  "error":{
    "metadata":["error-class","org.apache.solr.api.ApiBag$ExceptionWithErrObject","root-error-class","org.apache.solr.api.ApiBag$ExceptionWithErrObject"],
    "details":[{
      "replace-field":{
        "name":"is_mythical",
        "type":"boolean",
        "docValues":true,
        "indexed":true,
        "stored":true
      },
      "errorMessages":["The field 'is_mythical' is not present in this schema, and so cannot be replaced.\n"]
    }],
    "msg":"error processing commands, errors: [{replace-field={name=is_mythical, type=boolean, docValues=true, indexed=true, stored=true}, errorMessages=[The field 'is_mythical' is not present in this schema, and so cannot be replaced.\n]}], ",
    "code":400
  }
}
2025-06-18 13:43:36,204 - ERROR - Failed to configure field 'stat_hp'. Error: 400 Client Error: Bad Request for url: http://localhost:8983/solr/pokemon/schema
2025-06-18 13:43:36,204 - ERROR - Solr Response: {
  "responseHeader":{
    "status":400,
    "QTime":0
  },
  "error":{
    "metadata":["error-class","org.apache.solr.api.ApiBag$ExceptionWithErrObject","root-error-class","org.apache.solr.api.ApiBag$ExceptionWithErrObject"],
    "details":[{
      "replace-field":{
        "name":"stat_hp",
        "type":"pint",
        "docValues":true,
        "indexed":true,
        "stored":true
      },
      "errorMessages":["The field 'stat_hp' is not present in this schema, and so cannot be replaced.\n"]
    }],
    "msg":"error processing commands, errors: [{replace-field={name=stat_hp, type=pint, docValues=true, indexed=true, stored=true}, errorMessages=[The field 'stat_hp' is not present in this schema, and so cannot be replaced.\n]}], ",
    "code":400
  }
}
2025-06-18 13:43:36,207 - ERROR - Failed to configure field 'stat_attack'. Error: 400 Client Error: Bad Request for url: http://localhost:8983/solr/pokemon/schema
2025-06-18 13:43:36,207 - ERROR - Solr Response: {
  "responseHeader":{
    "status":400,
    "QTime":0
  },
  "error":{
    "metadata":["error-class","org.apache.solr.api.ApiBag$ExceptionWithErrObject","root-error-class","org.apache.solr.api.ApiBag$ExceptionWithErrObject"],
    "details":[{
      "replace-field":{
        "name":"stat_attack",
        "type":"pint",
        "docValues":true,
        "indexed":true,
        "stored":true
      },
      "errorMessages":["The field 'stat_attack' is not present in this schema, and so cannot be replaced.\n"]
    }],
    "msg":"error processing commands, errors: [{replace-field={name=stat_attack, type=pint, docValues=true, indexed=true, stored=true}, errorMessages=[The field 'stat_attack' is not present in this schema, and so cannot be replaced.\n]}], ",
    "code":400
  }
}
2025-06-18 13:43:36,211 - ERROR - Failed to configure field 'stat_defense'. Error: 400 Client Error: Bad Request for url: http://localhost:8983/solr/pokemon/schema
2025-06-18 13:43:36,211 - ERROR - Solr Response: {
  "responseHeader":{
    "status":400,
    "QTime":1
  },
  "error":{
    "metadata":["error-class","org.apache.solr.api.ApiBag$ExceptionWithErrObject","root-error-class","org.apache.solr.api.ApiBag$ExceptionWithErrObject"],
    "details":[{
      "replace-field":{
        "name":"stat_defense",
        "type":"pint",
        "docValues":true,
        "indexed":true,
        "stored":true
      },
      "errorMessages":["The field 'stat_defense' is not present in this schema, and so cannot be replaced.\n"]
    }],
    "msg":"error processing commands, errors: [{replace-field={name=stat_defense, type=pint, docValues=true, indexed=true, stored=true}, errorMessages=[The field 'stat_defense' is not present in this schema, and so cannot be replaced.\n]}], ",
    "code":400
  }
}
2025-06-18 13:43:36,214 - ERROR - Failed to configure field 'stat_special_attack'. Error: 400 Client Error: Bad Request for url: http://localhost:8983/solr/pokemon/schema
2025-06-18 13:43:36,214 - ERROR - Solr Response: {
  "responseHeader":{
    "status":400,
    "QTime":0
  },
  "error":{
    "metadata":["error-class","org.apache.solr.api.ApiBag$ExceptionWithErrObject","root-error-class","org.apache.solr.api.ApiBag$ExceptionWithErrObject"],
    "details":[{
      "replace-field":{
        "name":"stat_special_attack",
        "type":"pint",
        "docValues":true,
        "indexed":true,
        "stored":true
      },
      "errorMessages":["The field 'stat_special_attack' is not present in this schema, and so cannot be replaced.\n"]
    }],
    "msg":"error processing commands, errors: [{replace-field={name=stat_special_attack, type=pint, docValues=true, indexed=true, stored=true}, errorMessages=[The field 'stat_special_attack' is not present in this schema, and so cannot be replaced.\n]}], ",
    "code":400
  }
}
2025-06-18 13:43:36,218 - ERROR - Failed to configure field 'stat_special_defense'. Error: 400 Client Error: Bad Request for url: http://localhost:8983/solr/pokemon/schema
2025-06-18 13:43:36,218 - ERROR - Solr Response: {
  "responseHeader":{
    "status":400,
    "QTime":0
  },
  "error":{
    "metadata":["error-class","org.apache.solr.api.ApiBag$ExceptionWithErrObject","root-error-class","org.apache.solr.api.ApiBag$ExceptionWithErrObject"],
    "details":[{
      "replace-field":{
        "name":"stat_special_defense",
        "type":"pint",
        "docValues":true,
        "indexed":true,
        "stored":true
      },
      "errorMessages":["The field 'stat_special_defense' is not present in this schema, and so cannot be replaced.\n"]
    }],
    "msg":"error processing commands, errors: [{replace-field={name=stat_special_defense, type=pint, docValues=true, indexed=true, stored=true}, errorMessages=[The field 'stat_special_defense' is not present in this schema, and so cannot be replaced.\n]}], ",
    "code":400
  }
}
2025-06-18 13:43:36,221 - ERROR - Failed to configure field 'stat_speed'. Error: 400 Client Error: Bad Request for url: http://localhost:8983/solr/pokemon/schema
2025-06-18 13:43:36,222 - ERROR - Solr Response: {
  "responseHeader":{
    "status":400,
    "QTime":0
  },
  "error":{
    "metadata":["error-class","org.apache.solr.api.ApiBag$ExceptionWithErrObject","root-error-class","org.apache.solr.api.ApiBag$ExceptionWithErrObject"],
    "details":[{
      "replace-field":{
        "name":"stat_speed",
        "type":"pint",
        "docValues":true,
        "indexed":true,
        "stored":true
      },
      "errorMessages":["The field 'stat_speed' is not present in this schema, and so cannot be replaced.\n"]
    }],
    "msg":"error processing commands, errors: [{replace-field={name=stat_speed, type=pint, docValues=true, indexed=true, stored=true}, errorMessages=[The field 'stat_speed' is not present in this schema, and so cannot be replaced.\n]}], ",
    "code":400
  }
}
2025-06-18 13:43:36,222 - ERROR - One or more schema configuration steps failed. Check logs.
2025-06-18 13:43:36,222 - ERROR - Halting script due to schema setup failure.
2025-06-18 13:50:20,422 - INFO - Initialized Pokemon fetcher
2025-06-18 13:50:20,426 - INFO - Finished 'http://localhost:8983/solr/pokemon/admin/ping/?' (get) with body '' in 0.004 seconds, with status 200
2025-06-18 13:50:20,426 - INFO - Successfully connected to Solr
2025-06-18 13:50:20,426 - INFO - Verifying and updating Solr schema for sorting and faceting...
2025-06-18 13:50:20,430 - WARNING - Field 'pokemon_id' not found. Attempting to add it.
2025-06-18 13:50:20,642 - INFO - Successfully ADDED new field 'pokemon_id'.
2025-06-18 13:50:20,645 - WARNING - Field 'name' not found. Attempting to add it.
2025-06-18 13:50:20,749 - INFO - Successfully ADDED new field 'name'.
2025-06-18 13:50:20,752 - WARNING - Field 'height' not found. Attempting to add it.
2025-06-18 13:50:20,840 - INFO - Successfully ADDED new field 'height'.
2025-06-18 13:50:20,843 - WARNING - Field 'weight' not found. Attempting to add it.
2025-06-18 13:50:20,975 - INFO - Successfully ADDED new field 'weight'.
2025-06-18 13:50:20,978 - WARNING - Field 'base_experience' not found. Attempting to add it.
2025-06-18 13:50:21,102 - INFO - Successfully ADDED new field 'base_experience'.
2025-06-18 13:50:21,105 - WARNING - Field 'primary_type' not found. Attempting to add it.
2025-06-18 13:50:21,227 - INFO - Successfully ADDED new field 'primary_type'.
2025-06-18 13:50:21,230 - WARNING - Field 'total_stats' not found. Attempting to add it.
2025-06-18 13:50:21,373 - INFO - Successfully ADDED new field 'total_stats'.
2025-06-18 13:50:21,376 - WARNING - Field 'generation' not found. Attempting to add it.
2025-06-18 13:50:21,464 - INFO - Successfully ADDED new field 'generation'.
2025-06-18 13:50:21,467 - WARNING - Field 'color' not found. Attempting to add it.
2025-06-18 13:50:21,537 - INFO - Successfully ADDED new field 'color'.
2025-06-18 13:50:21,540 - WARNING - Field 'habitat' not found. Attempting to add it.
2025-06-18 13:50:21,616 - INFO - Successfully ADDED new field 'habitat'.
2025-06-18 13:50:21,619 - WARNING - Field 'capture_rate' not found. Attempting to add it.
2025-06-18 13:50:21,695 - INFO - Successfully ADDED new field 'capture_rate'.
2025-06-18 13:50:21,697 - WARNING - Field 'is_legendary' not found. Attempting to add it.
2025-06-18 13:50:21,771 - INFO - Successfully ADDED new field 'is_legendary'.
2025-06-18 13:50:21,773 - WARNING - Field 'is_mythical' not found. Attempting to add it.
2025-06-18 13:50:21,886 - INFO - Successfully ADDED new field 'is_mythical'.
2025-06-18 13:50:21,889 - WARNING - Field 'stat_hp' not found. Attempting to add it.
2025-06-18 13:50:22,011 - INFO - Successfully ADDED new field 'stat_hp'.
2025-06-18 13:50:22,014 - WARNING - Field 'stat_attack' not found. Attempting to add it.
2025-06-18 13:50:22,092 - INFO - Successfully ADDED new field 'stat_attack'.
2025-06-18 13:50:22,094 - WARNING - Field 'stat_defense' not found. Attempting to add it.
2025-06-18 13:50:22,194 - INFO - Successfully ADDED new field 'stat_defense'.
2025-06-18 13:50:22,196 - WARNING - Field 'stat_special_attack' not found. Attempting to add it.
2025-06-18 13:50:22,291 - INFO - Successfully ADDED new field 'stat_special_attack'.
2025-06-18 13:50:22,293 - WARNING - Field 'stat_special_defense' not found. Attempting to add it.
2025-06-18 13:50:22,374 - INFO - Successfully ADDED new field 'stat_special_defense'.
2025-06-18 13:50:22,377 - WARNING - Field 'stat_speed' not found. Attempting to add it.
2025-06-18 13:50:22,443 - INFO - Successfully ADDED new field 'stat_speed'.
2025-06-18 13:50:22,535 - INFO - Successfully configured existing field 'id'.
2025-06-18 13:50:22,538 - WARNING - Field 'flavor_text' not found. Attempting to add it.
2025-06-18 13:50:22,604 - INFO - Successfully ADDED new field 'flavor_text'.
2025-06-18 13:50:22,607 - WARNING - Field 'types' not found. Attempting to add it.
2025-06-18 13:50:22,675 - INFO - Successfully ADDED new field 'types'.
2025-06-18 13:50:22,678 - WARNING - Field 'secondary_type' not found. Attempting to add it.
2025-06-18 13:50:22,769 - INFO - Successfully ADDED new field 'secondary_type'.
2025-06-18 13:50:22,772 - WARNING - Field 'abilities' not found. Attempting to add it.
2025-06-18 13:50:22,854 - INFO - Successfully ADDED new field 'abilities'.
2025-06-18 13:50:22,857 - WARNING - Field 'hidden_abilities' not found. Attempting to add it.
2025-06-18 13:50:22,916 - INFO - Successfully ADDED new field 'hidden_abilities'.
2025-06-18 13:50:22,919 - WARNING - Field 'all_abilities' not found. Attempting to add it.
2025-06-18 13:50:22,996 - INFO - Successfully ADDED new field 'all_abilities'.
2025-06-18 13:50:22,999 - WARNING - Field 'evolves_from' not found. Attempting to add it.
2025-06-18 13:50:23,075 - INFO - Successfully ADDED new field 'evolves_from'.
2025-06-18 13:50:23,075 - INFO - Schema verification and configuration complete.
2025-06-18 13:50:23,075 - INFO - Clearing existing Solr data...
2025-06-18 13:50:23,124 - INFO - Finished 'http://localhost:8983/solr/pokemon/update/?commit=true' (post) with body '<delete><q' in 0.048 seconds, with status 200
2025-06-18 13:50:23,124 - INFO - Fetching Generation 1 Pokemon (#1-#151)
2025-06-18 13:51:00,011 - INFO - Generation 1: 151 Pokemon fetched
2025-06-18 13:51:00,011 - INFO - Fetching Generation 2 Pokemon (#152-#251)
2025-06-18 13:51:24,396 - INFO - Generation 2: 100 Pokemon fetched
2025-06-18 13:51:24,396 - INFO - Fetching Generation 3 Pokemon (#252-#386)
2025-06-18 13:51:57,288 - INFO - Generation 3: 135 Pokemon fetched
2025-06-18 13:51:57,288 - INFO - Indexing 386 documents into Solr...
2025-06-18 13:51:57,567 - INFO - Finished 'http://localhost:8983/solr/pokemon/update/?commit=true' (post) with body '[{"id": "1' in 0.278 seconds, with status 200
2025-06-18 13:51:57,682 - INFO - Finished 'http://localhost:8983/solr/pokemon/update/?commit=true' (post) with body '[{"id": "5' in 0.114 seconds, with status 200
2025-06-18 13:51:57,779 - INFO - Finished 'http://localhost:8983/solr/pokemon/update/?commit=true' (post) with body '[{"id": "1' in 0.096 seconds, with status 200
2025-06-18 13:51:57,882 - INFO - Finished 'http://localhost:8983/solr/pokemon/update/?commit=true' (post) with body '[{"id": "1' in 0.103 seconds, with status 200
2025-06-18 13:51:57,988 - INFO - Finished 'http://localhost:8983/solr/pokemon/update/?commit=true' (post) with body '[{"id": "2' in 0.105 seconds, with status 200
2025-06-18 13:51:58,091 - INFO - Finished 'http://localhost:8983/solr/pokemon/update/?commit=true' (post) with body '[{"id": "2' in 0.102 seconds, with status 200
2025-06-18 13:51:58,193 - INFO - Finished 'http://localhost:8983/solr/pokemon/update/?commit=true' (post) with body '[{"id": "3' in 0.101 seconds, with status 200
2025-06-18 13:51:58,280 - INFO - Finished 'http://localhost:8983/solr/pokemon/update/?commit=true' (post) with body '[{"id": "3' in 0.087 seconds, with status 200
2025-06-18 13:51:58,281 - INFO - Optimizing Solr index...
2025-06-18 13:51:58,283 - INFO - Finished 'http://localhost:8983/solr/pokemon/update/?commit=true' (post) with body '<optimize ' in 0.003 seconds, with status 200
2025-06-18 13:51:58,284 - INFO - Successfully indexed all documents!
2025-06-18 13:51:58,284 - INFO - Successfully processed 386 Pokemon total!
